<?xml version="1.0" encoding="UTF-8"?>
<testng-results skipped="0" failed="0" total="1" passed="1">
  <reporter-output>
  </reporter-output>
  <suite name="ALL Suite" duration-ms="129692" started-at="2017-08-13T22:33:08Z" finished-at="2017-08-13T22:35:17Z">
    <groups>
    </groups>
    <test name="NativeApp Test" duration-ms="129692" started-at="2017-08-13T22:33:08Z" finished-at="2017-08-13T22:35:17Z">
      <class name="com.project.UrbanClap.tests.Test1">
        <test-method status="PASS" signature="loadLoginPage()[pri:0, instance:com.project.UrbanClap.tests.Test1@68c4039c]" name="loadLoginPage" is-config="true" duration-ms="38344" started-at="2017-08-14T04:03:08Z" finished-at="2017-08-14T04:03:46Z">
          <reporter-output>
          </reporter-output>
        </test-method> <!-- loadLoginPage -->
        <test-method status="PASS" signature="successfulUserFlow()[pri:0, instance:com.project.UrbanClap.tests.Test1@68c4039c]" name="successfulUserFlow" duration-ms="88553" started-at="2017-08-14T04:03:46Z" finished-at="2017-08-14T04:05:15Z">
          <reporter-output>
          </reporter-output>
        </test-method> <!-- successfulUserFlow -->
        <test-method status="PASS" signature="tearDown()[pri:0, instance:com.project.UrbanClap.tests.Test1@68c4039c]" name="tearDown" is-config="true" duration-ms="2776" started-at="2017-08-14T04:05:15Z" finished-at="2017-08-14T04:05:17Z">
          <reporter-output>
          </reporter-output>
        </test-method> <!-- tearDown -->
      </class> <!-- com.project.UrbanClap.tests.Test1 -->
    </test> <!-- NativeApp Test -->
  </suite> <!-- ALL Suite -->
</testng-results>
