<?xml version="1.0" encoding="UTF-8"?>
<testng-results skipped="0" failed="0" total="1" passed="1">
  <reporter-output>
  </reporter-output>
  <suite name="ALL Suite" duration-ms="125449" started-at="2017-08-13T22:29:08Z" finished-at="2017-08-13T22:31:13Z">
    <groups>
    </groups>
    <test name="NativeApp Test" duration-ms="125449" started-at="2017-08-13T22:29:08Z" finished-at="2017-08-13T22:31:13Z">
      <class name="com.project.UrbanClap.tests.Test1">
        <test-method status="PASS" signature="loadLoginPage()[pri:0, instance:com.project.UrbanClap.tests.Test1@369f73a2]" name="loadLoginPage" is-config="true" duration-ms="37407" started-at="2017-08-14T03:59:08Z" finished-at="2017-08-14T03:59:45Z">
          <reporter-output>
          </reporter-output>
        </test-method> <!-- loadLoginPage -->
        <test-method status="PASS" signature="successfulUserFlow()[pri:0, instance:com.project.UrbanClap.tests.Test1@369f73a2]" name="successfulUserFlow" duration-ms="85283" started-at="2017-08-14T03:59:45Z" finished-at="2017-08-14T04:01:10Z">
          <reporter-output>
          </reporter-output>
        </test-method> <!-- successfulUserFlow -->
        <test-method status="PASS" signature="tearDown()[pri:0, instance:com.project.UrbanClap.tests.Test1@369f73a2]" name="tearDown" is-config="true" duration-ms="2738" started-at="2017-08-14T04:01:10Z" finished-at="2017-08-14T04:01:13Z">
          <reporter-output>
          </reporter-output>
        </test-method> <!-- tearDown -->
      </class> <!-- com.project.UrbanClap.tests.Test1 -->
    </test> <!-- NativeApp Test -->
  </suite> <!-- ALL Suite -->
</testng-results>
